<?xml version="1.0" encoding="UTF-8"?>
<!-- Generated by org.testng.reporters.JUnitReportReporter -->
<testsuite hostname="DESKTOP-7EPLT3L" failures="0" tests="4" name="cucumberOptions.TestRunnerTestNg" time="0.174" errors="0" timestamp="2021-07-21T10:25:41 IST" skipped="0">
  <testcase classname="cucumberOptions.TestRunnerTestNg" name="runScenario" time="0.009"/>
  <system-out/>
  <testcase classname="cucumberOptions.TestRunnerTestNg" name="runScenario" time="0.154"/>
  <system-out/>
  <testcase classname="cucumberOptions.TestRunnerTestNg" name="runScenario" time="0.006"/>
  <system-out/>
  <testcase classname="cucumberOptions.TestRunnerTestNg" name="runScenario" time="0.005"/>
  <system-out/>
</testsuite> <!-- cucumberOptions.TestRunnerTestNg -->
