<?xml version="1.0" encoding="UTF-8"?>
<!-- Generated by org.testng.reporters.JUnitReportReporter -->
<testsuite hostname="DESKTOP-7EPLT3L" failures="0" tests="4" name="cucumberOptions.testngTestRunner" time="0.283" errors="0" timestamp="2021-06-23T23:12:45 IST" skipped="0">
  <testcase classname="cucumberOptions.testngTestRunner" name="runScenario" time="0.254"/>
  <system-out/>
  <testcase classname="cucumberOptions.testngTestRunner" name="runScenario" time="0.007"/>
  <system-out/>
  <testcase classname="cucumberOptions.testngTestRunner" name="runScenario" time="0.016"/>
  <system-out/>
  <testcase classname="cucumberOptions.testngTestRunner" name="runScenario" time="0.006"/>
  <system-out/>
</testsuite> <!-- cucumberOptions.testngTestRunner -->
