<?xml version="1.0" encoding="UTF-8"?>
<!-- Generated by org.testng.reporters.JUnitReportReporter -->
<testsuite hostname="DESKTOP-7EPLT3L" failures="0" tests="4" name="cucumberOptions.TestRunnerTestNg" time="0.166" errors="0" timestamp="2021-07-20T17:44:48 IST" skipped="0">
  <testcase classname="cucumberOptions.TestRunnerTestNg" name="runScenario" time="0.148"/>
  <system-out/>
  <testcase classname="cucumberOptions.TestRunnerTestNg" name="runScenario" time="0.004"/>
  <system-out/>
  <testcase classname="cucumberOptions.TestRunnerTestNg" name="runScenario" time="0.003"/>
  <system-out/>
  <testcase classname="cucumberOptions.TestRunnerTestNg" name="runScenario" time="0.011"/>
  <system-out/>
</testsuite> <!-- cucumberOptions.TestRunnerTestNg -->
