<?xml version="1.0" encoding="UTF-8"?>
<!-- Generated by org.testng.reporters.JUnitReportReporter -->
<testsuite hostname="DESKTOP-7EPLT3L" failures="0" tests="1" name="Cucumber.Automation.AppTest" time="0.006" errors="0" timestamp="2021-07-20T17:15:29 IST" skipped="0">
  <testcase classname="Cucumber.Automation.AppTest" name="shouldAnswerWithTrue" time="0.006"/>
  <system-out/>
</testsuite> <!-- Cucumber.Automation.AppTest -->
