<?xml version="1.0" encoding="UTF-8"?>
<testsuite xmlns:xsi="http://www.w3.org/2001/XMLSchema-instance" xsi:noNamespaceSchemaLocation="https://maven.apache.org/surefire/maven-surefire-plugin/xsd/surefire-test-report.xsd" name="cucumberOptions.TestRunnerTestNg" time="0.879" tests="4" errors="0" skipped="0" failures="0">
  <properties>
    <property name="java.specification.version" value="16"/>
    <property name="sun.cpu.isalist" value="amd64"/>
    <property name="sun.jnu.encoding" value="Cp1252"/>
    <property name="java.class.path" value="C:\Drive D\Eclipse\Automation\target\test-classes;C:\Drive D\Eclipse\Automation\target\classes;C:\Users\FL_LPT-245\.m2\repository\io\cucumber\cucumber-testng\6.10.4\cucumber-testng-6.10.4.jar;C:\Users\FL_LPT-245\.m2\repository\org\apiguardian\apiguardian-api\1.1.1\apiguardian-api-1.1.1.jar;C:\Users\FL_LPT-245\.m2\repository\io\cucumber\cucumber-core\6.10.4\cucumber-core-6.10.4.jar;C:\Users\FL_LPT-245\.m2\repository\io\cucumber\cucumber-gherkin\6.10.4\cucumber-gherkin-6.10.4.jar;C:\Users\FL_LPT-245\.m2\repository\io\cucumber\cucumber-gherkin-messages\6.10.4\cucumber-gherkin-messages-6.10.4.jar;C:\Users\FL_LPT-245\.m2\repository\io\cucumber\messages\15.0.0\messages-15.0.0.jar;C:\Users\FL_LPT-245\.m2\repository\io\cucumber\tag-expressions\3.0.1\tag-expressions-3.0.1.jar;C:\Users\FL_LPT-245\.m2\repository\io\cucumber\cucumber-expressions\10.3.0\cucumber-expressions-10.3.0.jar;C:\Users\FL_LPT-245\.m2\repository\io\cucumber\datatable\3.5.0\datatable-3.5.0.jar;C:\Users\FL_LPT-245\.m2\repository\io\cucumber\cucumber-plugin\6.10.4\cucumber-plugin-6.10.4.jar;C:\Users\FL_LPT-245\.m2\repository\io\cucumber\docstring\6.10.4\docstring-6.10.4.jar;C:\Users\FL_LPT-245\.m2\repository\io\cucumber\html-formatter\13.0.0\html-formatter-13.0.0.jar;C:\Users\FL_LPT-245\.m2\repository\io\cucumber\create-meta\4.0.0\create-meta-4.0.0.jar;C:\Users\FL_LPT-245\.m2\repository\org\testng\testng\7.4.0\testng-7.4.0.jar;C:\Users\FL_LPT-245\.m2\repository\com\beust\jcommander\1.78\jcommander-1.78.jar;C:\Users\FL_LPT-245\.m2\repository\org\webjars\jquery\3.5.1\jquery-3.5.1.jar;C:\Users\FL_LPT-245\.m2\repository\io\cucumber\cucumber-java\6.10.4\cucumber-java-6.10.4.jar;C:\Users\FL_LPT-245\.m2\repository\io\cucumber\cucumber-junit\6.10.4\cucumber-junit-6.10.4.jar;C:\Users\FL_LPT-245\.m2\repository\junit\junit\4.11\junit-4.11.jar;C:\Users\FL_LPT-245\.m2\repository\org\hamcrest\hamcrest-core\1.3\hamcrest-core-1.3.jar;"/>
    <property name="java.vm.vendor" value="Oracle Corporation"/>
    <property name="sun.arch.data.model" value="64"/>
    <property name="user.variant" value=""/>
    <property name="java.vendor.url" value="https://java.oracle.com/"/>
    <property name="user.timezone" value="Asia/Calcutta"/>
    <property name="os.name" value="Windows 10"/>
    <property name="java.vm.specification.version" value="16"/>
    <property name="sun.java.launcher" value="SUN_STANDARD"/>
    <property name="user.country" value="US"/>
    <property name="sun.boot.library.path" value="C:\Program Files\Java\jdk-16.0.1\bin"/>
    <property name="sun.java.command" value="C:\Users\FL_LPT~1\AppData\Local\Temp\surefire10522343012922926916\surefirebooter3901795181168160972.jar C:\Users\FL_LPT-245\AppData\Local\Temp\surefire10522343012922926916 2021-07-20T17-44-46_714-jvmRun1 surefire7011675099757151972tmp surefire_017145470994851886683tmp"/>
    <property name="jdk.debug" value="release"/>
    <property name="test" value="TestRunnerTestNg"/>
    <property name="surefire.test.class.path" value="C:\Drive D\Eclipse\Automation\target\test-classes;C:\Drive D\Eclipse\Automation\target\classes;C:\Users\FL_LPT-245\.m2\repository\io\cucumber\cucumber-testng\6.10.4\cucumber-testng-6.10.4.jar;C:\Users\FL_LPT-245\.m2\repository\org\apiguardian\apiguardian-api\1.1.1\apiguardian-api-1.1.1.jar;C:\Users\FL_LPT-245\.m2\repository\io\cucumber\cucumber-core\6.10.4\cucumber-core-6.10.4.jar;C:\Users\FL_LPT-245\.m2\repository\io\cucumber\cucumber-gherkin\6.10.4\cucumber-gherkin-6.10.4.jar;C:\Users\FL_LPT-245\.m2\repository\io\cucumber\cucumber-gherkin-messages\6.10.4\cucumber-gherkin-messages-6.10.4.jar;C:\Users\FL_LPT-245\.m2\repository\io\cucumber\messages\15.0.0\messages-15.0.0.jar;C:\Users\FL_LPT-245\.m2\repository\io\cucumber\tag-expressions\3.0.1\tag-expressions-3.0.1.jar;C:\Users\FL_LPT-245\.m2\repository\io\cucumber\cucumber-expressions\10.3.0\cucumber-expressions-10.3.0.jar;C:\Users\FL_LPT-245\.m2\repository\io\cucumber\datatable\3.5.0\datatable-3.5.0.jar;C:\Users\FL_LPT-245\.m2\repository\io\cucumber\cucumber-plugin\6.10.4\cucumber-plugin-6.10.4.jar;C:\Users\FL_LPT-245\.m2\repository\io\cucumber\docstring\6.10.4\docstring-6.10.4.jar;C:\Users\FL_LPT-245\.m2\repository\io\cucumber\html-formatter\13.0.0\html-formatter-13.0.0.jar;C:\Users\FL_LPT-245\.m2\repository\io\cucumber\create-meta\4.0.0\create-meta-4.0.0.jar;C:\Users\FL_LPT-245\.m2\repository\org\testng\testng\7.4.0\testng-7.4.0.jar;C:\Users\FL_LPT-245\.m2\repository\com\beust\jcommander\1.78\jcommander-1.78.jar;C:\Users\FL_LPT-245\.m2\repository\org\webjars\jquery\3.5.1\jquery-3.5.1.jar;C:\Users\FL_LPT-245\.m2\repository\io\cucumber\cucumber-java\6.10.4\cucumber-java-6.10.4.jar;C:\Users\FL_LPT-245\.m2\repository\io\cucumber\cucumber-junit\6.10.4\cucumber-junit-6.10.4.jar;C:\Users\FL_LPT-245\.m2\repository\junit\junit\4.11\junit-4.11.jar;C:\Users\FL_LPT-245\.m2\repository\org\hamcrest\hamcrest-core\1.3\hamcrest-core-1.3.jar;"/>
    <property name="sun.cpu.endian" value="little"/>
    <property name="user.home" value="C:\Users\FL_LPT-245"/>
    <property name="user.language" value="en"/>
    <property name="java.specification.vendor" value="Oracle Corporation"/>
    <property name="java.version.date" value="2021-04-20"/>
    <property name="java.home" value="C:\Program Files\Java\jdk-16.0.1"/>
    <property name="file.separator" value="\"/>
    <property name="basedir" value="C:\Drive D\Eclipse\Automation"/>
    <property name="java.vm.compressedOopsMode" value="Zero based"/>
    <property name="line.separator" value="&#10;"/>
    <property name="java.vm.specification.vendor" value="Oracle Corporation"/>
    <property name="java.specification.name" value="Java Platform API Specification"/>
    <property name="surefire.real.class.path" value="C:\Users\FL_LPT~1\AppData\Local\Temp\surefire10522343012922926916\surefirebooter3901795181168160972.jar"/>
    <property name="user.script" value=""/>
    <property name="sun.management.compiler" value="HotSpot 64-Bit Tiered Compilers"/>
    <property name="java.runtime.version" value="16.0.1+9-24"/>
    <property name="user.name" value="FL_LPT-245"/>
    <property name="path.separator" value=";"/>
    <property name="os.version" value="10.0"/>
    <property name="java.runtime.name" value="Java(TM) SE Runtime Environment"/>
    <property name="file.encoding" value="Cp1252"/>
    <property name="java.vm.name" value="Java HotSpot(TM) 64-Bit Server VM"/>
    <property name="localRepository" value="C:\Users\FL_LPT-245\.m2\repository"/>
    <property name="java.vendor.url.bug" value="https://bugreport.java.com/bugreport/"/>
    <property name="java.io.tmpdir" value="C:\Users\FL_LPT~1\AppData\Local\Temp\"/>
    <property name="java.version" value="16.0.1"/>
    <property name="user.dir" value="C:\Drive D\Eclipse\Automation"/>
    <property name="os.arch" value="amd64"/>
    <property name="java.vm.specification.name" value="Java Virtual Machine Specification"/>
    <property name="sun.os.patch.level" value=""/>
    <property name="java.library.path" value="C:\Program Files\Java\jdk-16.0.1\bin;C:\WINDOWS\Sun\Java\bin;C:\WINDOWS\system32;C:\WINDOWS;C:\Program Files\Common Files\Oracle\Java\javapath;C:\WINDOWS\system32;C:\WINDOWS;C:\WINDOWS\System32\Wbem;C:\WINDOWS\System32\WindowsPowerShell\v1.0\;C:\WINDOWS\System32\OpenSSH\;C:\Program Files\Git\cmd;C:\Drive D\apache-maven-3.8.1\bin;C:\Program Files\Java\jdk-16.0.1\bin;C:\Users\FL_LPT-245\AppData\Local\Microsoft\WindowsApps;;."/>
    <property name="java.vm.info" value="mixed mode, sharing"/>
    <property name="java.vendor" value="Oracle Corporation"/>
    <property name="java.vm.version" value="16.0.1+9-24"/>
    <property name="sun.io.unicode.encoding" value="UnicodeLittle"/>
    <property name="java.class.version" value="60.0"/>
  </properties>
  <testcase name="runScenario" classname="cucumberOptions.TestRunnerTestNg" time="0.149"/>
  <testcase name="runScenario" classname="cucumberOptions.TestRunnerTestNg" time="0.003"/>
  <testcase name="runScenario" classname="cucumberOptions.TestRunnerTestNg" time="0.007"/>
  <testcase name="runScenario" classname="cucumberOptions.TestRunnerTestNg" time="0.012"/>
</testsuite>