<?xml version="1.0" encoding="UTF-8"?>
<!-- Generated by org.testng.reporters.JUnitReportReporter -->
<testsuite hostname="DESKTOP-7EPLT3L" failures="0" tests="2" name="AnveshTesting.appiumTest" time="0.010" errors="0" timestamp="2021-08-03T10:11:32 IST" skipped="0">
  <testcase classname="AnveshTesting.appiumTest" name="TestApps" time="0.005"/>
  <system-out/>
  <testcase classname="AnveshTesting.appiumTest" name="NavtiveApps" time="0.005"/>
  <system-out/>
</testsuite> <!-- AnveshTesting.appiumTest -->
