<?xml version="1.0" encoding="UTF-8"?>
<!-- Generated by org.testng.reporters.JUnitReportReporter -->
<testsuite hostname="DESKTOP-7EPLT3L" failures="0" tests="2" name="AnveshTesting.seleniumTest" time="0.001" errors="0" timestamp="2021-08-03T10:11:32 IST" skipped="0">
  <testcase classname="AnveshTesting.seleniumTest" name="elements" time="0.000"/>
  <system-out/>
  <testcase classname="AnveshTesting.seleniumTest" name="BrowserAutomation" time="0.001"/>
  <system-out/>
</testsuite> <!-- AnveshTesting.seleniumTest -->
