<?xml version="1.0" encoding="UTF-8"?>
<!-- Generated by org.testng.reporters.JUnitReportReporter -->
<testsuite hostname="DESKTOP-7EPLT3L" failures="0" tests="2" name="AnveshTesting.restAPITest" time="0.002" errors="0" timestamp="2021-08-04T01:02:16 IST" skipped="0">
  <testcase classname="AnveshTesting.restAPITest" name="API1" time="0.001"/>
  <system-out/>
  <testcase classname="AnveshTesting.restAPITest" name="API2" time="0.001"/>
  <system-out/>
</testsuite> <!-- AnveshTesting.restAPITest -->
