<?xml version="1.0" encoding="UTF-8"?>
<!-- Generated by org.testng.reporters.JUnitReportReporter -->
<testsuite hostname="DESKTOP-7EPLT3L" failures="0" tests="2" name="AnveshTesting.appiumTest" time="0.013" errors="0" timestamp="2021-08-05T00:36:22 IST" skipped="0">
  <testcase classname="AnveshTesting.appiumTest" name="TestApps" time="0.007"/>
  <system-out/>
  <testcase classname="AnveshTesting.appiumTest" name="NavtiveApps" time="0.006"/>
  <system-out/>
</testsuite> <!-- AnveshTesting.appiumTest -->
