<?xml version="1.0" encoding="UTF-8"?>
<!-- Generated by org.testng.reporters.JUnitReportReporter -->
<testsuite hostname="DESKTOP-7EPLT3L" failures="0" tests="7" name="cucumberOptions.TestRunnerTestNg" time="20.314" errors="0" timestamp="2021-08-01T12:07:34 IST" skipped="0">
  <testcase classname="cucumberOptions.TestRunnerTestNg" name="runScenario" time="9.630"/>
  <system-out/>
  <testcase classname="cucumberOptions.TestRunnerTestNg" name="runScenario" time="0.279"/>
  <system-out/>
  <testcase classname="cucumberOptions.TestRunnerTestNg" name="runScenario" time="0.008"/>
  <system-out/>
  <testcase classname="cucumberOptions.TestRunnerTestNg" name="runScenario" time="5.361"/>
  <system-out/>
  <testcase classname="cucumberOptions.TestRunnerTestNg" name="runScenario" time="0.008"/>
  <system-out/>
  <testcase classname="cucumberOptions.TestRunnerTestNg" name="runScenario" time="0.015"/>
  <system-out/>
  <testcase classname="cucumberOptions.TestRunnerTestNg" name="runScenario" time="5.013"/>
  <system-out/>
</testsuite> <!-- cucumberOptions.TestRunnerTestNg -->
